<?xml version="1.0" encoding="UTF-8"?>
<!-- Generated by org.testng.reporters.JUnitReportReporter -->
<testsuite hostname="Ashish-Dell-Laptop" name="westpac.ValidatingKiwiSaverProjectedBal" tests="3" failures="0" timestamp="5 Feb 2021 01:06:20 GMT" time="36.412" errors="0">
  <testcase name="ValidateKiwiSaverProjBalPage" time="9.103" classname="westpac.ValidatingKiwiSaverProjectedBal"/>
  <testcase name="KiwiSaverProjBalPage" time="16.981" classname="westpac.ValidatingKiwiSaverProjectedBal"/>
  <testcase name="ValidateKiwiSaverProjBalPage" time="10.328" classname="westpac.ValidatingKiwiSaverProjectedBal"/>
</testsuite> <!-- westpac.ValidatingKiwiSaverProjectedBal -->
