<?xml version="1.0" encoding="UTF-8"?>
<!-- Generated by org.testng.reporters.JUnitReportReporter -->
<testsuite hostname="Ashish-Dell-Laptop" name="cucumberOptions.TestRunner" tests="2" failures="0" timestamp="5 Feb 2021 07:46:52 GMT" time="60.695" errors="0">
  <testcase name="feature" time="15.802" classname="cucumberOptions.TestRunner"/>
  <testcase name="feature" time="44.893" classname="cucumberOptions.TestRunner"/>
</testsuite> <!-- cucumberOptions.TestRunner -->
