<?xml version="1.0" encoding="UTF-8"?>
<!-- Generated by org.testng.reporters.JUnitReportReporter -->
<testsuite hostname="Ashish-Dell-Laptop" name="westpac.NavigatingKiwisaverPage" tests="1" failures="0" timestamp="4 Feb 2021 06:36:19 GMT" time="1.107" errors="0">
  <testcase name="PageNavigation" time="1.107" classname="westpac.NavigatingKiwisaverPage"/>
</testsuite> <!-- westpac.NavigatingKiwisaverPage -->
