<?xml version="1.0" encoding="UTF-8"?>
<!-- Generated by org.testng.reporters.JUnitReportReporter -->
<testsuite hostname="Ashish-Dell-Laptop" name="westpac.ValidatingKiwiSaverRetirementCalcPage" tests="1" failures="0" timestamp="5 Feb 2021 01:06:20 GMT" time="15.967" errors="0">
  <testcase name="ValidationCurrConversionPage" time="15.967" classname="westpac.ValidatingKiwiSaverRetirementCalcPage"/>
</testsuite> <!-- westpac.ValidatingKiwiSaverRetirementCalcPage -->
