<?xml version="1.0" encoding="UTF-8"?>
<!-- Generated by org.testng.reporters.JUnitReportReporter -->
<testsuite hostname="Ashish-Dell-Laptop" name="cucumberOptions.TestRunner" tests="2" failures="0" timestamp="5 Feb 2021 01:09:48 GMT" time="73.731" errors="0">
  <testcase name="feature" time="18.240" classname="cucumberOptions.TestRunner"/>
  <testcase name="feature" time="55.491" classname="cucumberOptions.TestRunner"/>
</testsuite> <!-- cucumberOptions.TestRunner -->
